i:\work\github\open-zwave\cpp\build\windows\vs2010\debug\vc120.pdb
i:\work\github\open-zwave\cpp\build\windows\vs2010\debug\vc120.idb
i:\work\github\open-zwave\cpp\build\windows\vs2010\debug\multiinstanceassociation.obj
i:\work\github\open-zwave\cpp\build\windows\vs2010\debug\nodenaming.obj
i:\work\github\open-zwave\cpp\build\windows\vs2010\debug\powerlevel.obj
i:\work\github\open-zwave\cpp\build\windows\vs2010\debug\proprietary.obj
i:\work\github\open-zwave\cpp\build\windows\vs2010\debug\protection.obj
i:\work\github\open-zwave\cpp\build\windows\vs2010\debug\sensorbinary.obj
i:\work\github\open-zwave\cpp\build\windows\vs2010\debug\sensormultilevel.obj
i:\work\github\open-zwave\cpp\build\windows\vs2010\debug\switchall.obj
i:\work\github\open-zwave\cpp\build\windows\vs2010\debug\switchbinary.obj
i:\work\github\open-zwave\cpp\build\windows\vs2010\debug\switchmultilevel.obj
i:\work\github\open-zwave\cpp\build\windows\vs2010\debug\switchtogglebinary.obj
i:\work\github\open-zwave\cpp\build\windows\vs2010\debug\switchtogglemultilevel.obj
i:\work\github\open-zwave\cpp\build\windows\vs2010\debug\thermostatfanmode.obj
i:\work\github\open-zwave\cpp\build\windows\vs2010\debug\thermostatfanstate.obj
i:\work\github\open-zwave\cpp\build\windows\vs2010\debug\thermostatmode.obj
i:\work\github\open-zwave\cpp\build\windows\vs2010\debug\thermostatoperatingstate.obj
i:\work\github\open-zwave\cpp\build\windows\vs2010\debug\thermostatsetpoint.obj
i:\work\github\open-zwave\cpp\build\windows\vs2010\debug\version.obj
i:\work\github\open-zwave\cpp\build\windows\vs2010\debug\wakeup.obj
i:\work\github\open-zwave\cpp\build\windows\vs2010\debug\winversion.obj
i:\work\github\open-zwave\cpp\build\windows\vs2010\debug\basic.obj
i:\work\github\open-zwave\cpp\build\windows\vs2010\debug\basicwindowcovering.obj
i:\work\github\open-zwave\cpp\build\windows\vs2010\debug\battery.obj
i:\work\github\open-zwave\cpp\build\windows\vs2010\debug\climatecontrolschedule.obj
i:\work\github\open-zwave\cpp\build\windows\vs2010\debug\clock.obj
i:\work\github\open-zwave\cpp\build\windows\vs2010\debug\commandclass.obj
i:\work\github\open-zwave\cpp\build\windows\vs2010\debug\commandclasses.obj
i:\work\github\open-zwave\cpp\build\windows\vs2010\debug\configuration.obj
i:\work\github\open-zwave\cpp\build\windows\vs2010\debug\controllerreplication.obj
i:\work\github\open-zwave\cpp\build\windows\vs2010\debug\crc16encap.obj
i:\work\github\open-zwave\cpp\build\windows\vs2010\debug\energyproduction.obj
i:\work\github\open-zwave\cpp\build\windows\vs2010\debug\hail.obj
i:\work\github\open-zwave\cpp\build\windows\vs2010\debug\indicator.obj
i:\work\github\open-zwave\cpp\build\windows\vs2010\debug\language.obj
i:\work\github\open-zwave\cpp\build\windows\vs2010\debug\lock.obj
i:\work\github\open-zwave\cpp\build\windows\vs2010\debug\manufacturerspecific.obj
i:\work\github\open-zwave\cpp\build\windows\vs2010\debug\meter.obj
i:\work\github\open-zwave\cpp\build\windows\vs2010\debug\meterpulse.obj
i:\work\github\open-zwave\cpp\build\windows\vs2010\debug\multicmd.obj
i:\work\github\open-zwave\cpp\build\windows\vs2010\debug\multiinstance.obj
i:\work\github\open-zwave\cpp\build\windows\vs2010\debug\valuebutton.obj
i:\work\github\open-zwave\cpp\build\windows\vs2010\debug\valueraw.obj
i:\work\github\open-zwave\cpp\build\windows\vs2010\debug\valueschedule.obj
i:\work\github\open-zwave\cpp\build\windows\vs2010\debug\tinystr.obj
i:\work\github\open-zwave\cpp\build\windows\vs2010\debug\tinyxml.obj
i:\work\github\open-zwave\cpp\build\windows\vs2010\debug\tinyxmlerror.obj
i:\work\github\open-zwave\cpp\build\windows\vs2010\debug\tinyxmlparser.obj
i:\work\github\open-zwave\cpp\build\windows\vs2010\debug\value.obj
i:\work\github\open-zwave\cpp\build\windows\vs2010\debug\valuebool.obj
i:\work\github\open-zwave\cpp\build\windows\vs2010\debug\valuebyte.obj
i:\work\github\open-zwave\cpp\build\windows\vs2010\debug\valuedecimal.obj
i:\work\github\open-zwave\cpp\build\windows\vs2010\debug\valueint.obj
i:\work\github\open-zwave\cpp\build\windows\vs2010\debug\valuelist.obj
i:\work\github\open-zwave\cpp\build\windows\vs2010\debug\valueshort.obj
i:\work\github\open-zwave\cpp\build\windows\vs2010\debug\valuestore.obj
i:\work\github\open-zwave\cpp\build\windows\vs2010\debug\valuestring.obj
i:\work\github\open-zwave\cpp\build\windows\vs2010\debug\alarm.obj
i:\work\github\open-zwave\cpp\build\windows\vs2010\debug\applicationstatus.obj
i:\work\github\open-zwave\cpp\build\windows\vs2010\debug\association.obj
i:\work\github\open-zwave\cpp\build\windows\vs2010\debug\associationcommandconfiguration.obj
i:\work\github\open-zwave\cpp\build\windows\vs2010\debug\event.obj
i:\work\github\open-zwave\cpp\build\windows\vs2010\debug\fileops.obj
i:\work\github\open-zwave\cpp\build\windows\vs2010\debug\hidcontroller.obj
i:\work\github\open-zwave\cpp\build\windows\vs2010\debug\log.obj
i:\work\github\open-zwave\cpp\build\windows\vs2010\debug\mutex.obj
i:\work\github\open-zwave\cpp\build\windows\vs2010\debug\stream.obj
i:\work\github\open-zwave\cpp\build\windows\vs2010\debug\serialcontroller.obj
i:\work\github\open-zwave\cpp\build\windows\vs2010\debug\thread.obj
i:\work\github\open-zwave\cpp\build\windows\vs2010\debug\timestamp.obj
i:\work\github\open-zwave\cpp\build\windows\vs2010\debug\wait.obj
i:\work\github\open-zwave\cpp\build\windows\vs2010\debug\eventimpl.obj
i:\work\github\open-zwave\cpp\build\windows\vs2010\debug\fileopsimpl.obj
i:\work\github\open-zwave\cpp\build\windows\vs2010\debug\logimpl.obj
i:\work\github\open-zwave\cpp\build\windows\vs2010\debug\muteximpl.obj
i:\work\github\open-zwave\cpp\build\windows\vs2010\debug\serialcontrollerimpl.obj
i:\work\github\open-zwave\cpp\build\windows\vs2010\debug\threadimpl.obj
i:\work\github\open-zwave\cpp\build\windows\vs2010\debug\timestampimpl.obj
i:\work\github\open-zwave\cpp\build\windows\vs2010\debug\waitimpl.obj
i:\work\github\open-zwave\cpp\build\windows\vs2010\debug\scene.obj
i:\work\github\open-zwave\cpp\build\windows\vs2010\debug\utils.obj
i:\work\github\open-zwave\cpp\build\windows\vs2010\debug\hid.obj
i:\work\github\open-zwave\cpp\build\windows\vs2010\debug\doorlock.obj
i:\work\github\open-zwave\cpp\build\windows\vs2010\debug\doorlocklogging.obj
i:\work\github\open-zwave\cpp\build\windows\vs2010\debug\nooperation.obj
i:\work\github\open-zwave\cpp\build\windows\vs2010\debug\sceneactivation.obj
i:\work\github\open-zwave\cpp\build\windows\vs2010\debug\security.obj
i:\work\github\open-zwave\cpp\build\windows\vs2010\debug\centralscene.obj
i:\work\github\open-zwave\cpp\build\windows\vs2010\debug\timeparameters.obj
i:\work\github\open-zwave\cpp\build\windows\vs2010\debug\sensoralarm.obj
i:\work\github\open-zwave\cpp\build\windows\vs2010\debug\usercode.obj
i:\work\github\open-zwave\cpp\build\windows\vs2010\debug\driver.obj
i:\work\github\open-zwave\cpp\build\windows\vs2010\debug\group.obj
i:\work\github\open-zwave\cpp\build\windows\vs2010\debug\manager.obj
i:\work\github\open-zwave\cpp\build\windows\vs2010\debug\msg.obj
i:\work\github\open-zwave\cpp\build\windows\vs2010\debug\node.obj
i:\work\github\open-zwave\cpp\build\windows\vs2010\debug\notification.obj
i:\work\github\open-zwave\cpp\build\windows\vs2010\debug\options.obj
i:\work\github\open-zwave\cpp\build\windows\vs2010\debug\zwsecurity.obj
i:\work\github\open-zwave\cpp\build\windows\vs2010\debug\controller.obj
i:\work\github\open-zwave\cpp\build\windows\vs2010\debug\aescrypt.obj
i:\work\github\open-zwave\cpp\build\windows\vs2010\debug\aeskey.obj
i:\work\github\open-zwave\cpp\build\windows\vs2010\debug\aestab.obj
i:\work\github\open-zwave\cpp\build\windows\vs2010\debug\aes_modes.obj
i:\work\github\open-zwave\dotnet\examples\ozwform\src\debug\openzwave.lib
i:\work\github\open-zwave\cpp\build\windows\vs2010\debug\openzwave.tlog\cl.command.1.tlog
i:\work\github\open-zwave\cpp\build\windows\vs2010\debug\openzwave.tlog\cl.read.1.tlog
i:\work\github\open-zwave\cpp\build\windows\vs2010\debug\openzwave.tlog\cl.write.1.tlog
i:\work\github\open-zwave\cpp\build\windows\vs2010\debug\openzwave.tlog\lib-link.read.1.tlog
i:\work\github\open-zwave\cpp\build\windows\vs2010\debug\openzwave.tlog\lib-link.write.1.tlog
i:\work\github\open-zwave\cpp\build\windows\vs2010\debug\openzwave.tlog\lib.command.1.tlog
