Build started 11-5-2015 11:23:14.
     1>Project "D:\Users\J.Klessens\Documents\Lyvins\Git\open-zwave\cpp\build\windows\vs2010\OpenZWave.vcxproj" on node 2 (Rebuild target(s)).
     1>PreBuildEvent:
         CALL D:\Users\J.Klessens\Documents\Lyvins\Git\open-zwave\dotnet\examples\OZWForm\src\\..\GIT-VS-VERSION-GEN.bat "D:\Users\J.Klessens\Documents\Lyvins\Git\open-zwave\cpp\build\windows\vs2010\\" "..\winversion.cpp" 
         exit 0
         :VCEnd
         'D:\Users\J.Klessens\Documents\Lyvins\Git\open-zwave\dotnet\examples\OZWForm\src\\..\GIT-VS-VERSION-GEN.bat' is not recognized as an internal or external command,
         operable program or batch file.
       ClCompile:
         C:\Program Files (x86)\Microsoft Visual Studio 12.0\VC\bin\CL.exe /c /I..\..\..\src /I..\..\..\tinyxml /I..\..\..\hidapi\hidapi /Zi /nologo /W3 /WX- /Od /Oy- /D WIN32 /D _DEBUG /D _LIB /D _MBCS /Gm /EHsc /RTC1 /MDd /GS /fp:precise /Zc:wchar_t /Zc:forScope /Fo"Debug\\" /Fd"Debug\vc120.pdb" /Gd /TP /analyze- /errorReport:prompt ..\..\..\hidapi\windows\hid.cpp ..\..\..\src\command_classes\DoorLock.cpp ..\..\..\src\command_classes\DoorLockLogging.cpp ..\..\..\src\command_classes\NoOperation.cpp ..\..\..\src\command_classes\SceneActivation.cpp ..\..\..\src\command_classes\Security.cpp ..\..\..\src\command_classes\CentralScene.cpp ..\..\..\src\command_classes\TimeParameters.cpp ..\..\..\src\command_classes\SensorAlarm.cpp ..\..\..\src\command_classes\UserCode.cpp ..\..\..\src\Driver.cpp ..\..\..\src\Group.cpp ..\..\..\src\Manager.cpp ..\..\..\src\Msg.cpp ..\..\..\src\Node.cpp ..\..\..\src\Notification.cpp ..\..\..\src\Options.cpp ..\..\..\src\ZWSecurity.cpp ..\..\..\src\platform\Controller.cpp ..\..\..\src\platform\Event.cpp ..\..\..\src\platform\FileOps.cpp ..\..\..\src\platform\HidController.cpp ..\..\..\src\platform\Log.cpp ..\..\..\src\platform\Mutex.cpp ..\..\..\src\platform\Stream.cpp ..\..\..\src\platform\SerialController.cpp ..\..\..\src\platform\Thread.cpp ..\..\..\src\platform\TimeStamp.cpp ..\..\..\src\platform\Wait.cpp ..\..\..\src\platform\windows\EventImpl.cpp ..\..\..\src\platform\windows\FileOpsImpl.cpp ..\..\..\src\platform\windows\LogImpl.cpp ..\..\..\src\platform\windows\MutexImpl.cpp ..\..\..\src\platform\windows\SerialControllerImpl.cpp ..\..\..\src\platform\windows\ThreadImpl.cpp ..\..\..\src\platform\windows\TimeStampImpl.cpp ..\..\..\src\platform\windows\WaitImpl.cpp ..\..\..\src\Scene.cpp ..\..\..\src\Utils.cpp ..\..\..\src\value_classes\ValueButton.cpp ..\..\..\src\value_classes\ValueRaw.cpp ..\..\..\src\value_classes\ValueSchedule.cpp ..\..\..\tinyxml\tinystr.cpp ..\..\..\tinyxml\tinyxml.cpp ..\..\..\tinyxml\tinyxmlerror.cpp ..\..\..\tinyxml\tinyxmlparser.cpp ..\..\..\src\value_classes\Value.cpp ..\..\..\src\value_classes\ValueBool.cpp ..\..\..\src\value_classes\ValueByte.cpp ..\..\..\src\value_classes\ValueDecimal.cpp ..\..\..\src\value_classes\ValueInt.cpp ..\..\..\src\value_classes\ValueList.cpp ..\..\..\src\value_classes\ValueShort.cpp ..\..\..\src\value_classes\ValueStore.cpp ..\..\..\src\value_classes\ValueString.cpp ..\..\..\src\command_classes\Alarm.cpp ..\..\..\src\command_classes\ApplicationStatus.cpp ..\..\..\src\command_classes\Association.cpp ..\..\..\src\command_classes\AssociationCommandConfiguration.cpp ..\..\..\src\command_classes\Basic.cpp ..\..\..\src\command_classes\BasicWindowCovering.cpp ..\..\..\src\command_classes\Battery.cpp ..\..\..\src\command_classes\ClimateControlSchedule.cpp ..\..\..\src\command_classes\Clock.cpp ..\..\..\src\command_classes\CommandClass.cpp ..\..\..\src\command_classes\CommandClasses.cpp ..\..\..\src\command_classes\Configuration.cpp ..\..\..\src\command_classes\ControllerReplication.cpp ..\..\..\src\command_classes\CRC16Encap.cpp ..\..\..\src\command_classes\EnergyProduction.cpp ..\..\..\src\command_classes\Hail.cpp ..\..\..\src\command_classes\Indicator.cpp ..\..\..\src\command_classes\Language.cpp ..\..\..\src\command_classes\Lock.cpp ..\..\..\src\command_classes\ManufacturerSpecific.cpp ..\..\..\src\command_classes\Meter.cpp ..\..\..\src\command_classes\MeterPulse.cpp ..\..\..\src\command_classes\MultiCmd.cpp ..\..\..\src\command_classes\MultiInstance.cpp ..\..\..\src\command_classes\MultiInstanceAssociation.cpp ..\..\..\src\command_classes\NodeNaming.cpp ..\..\..\src\command_classes\Powerlevel.cpp ..\..\..\src\command_classes\Proprietary.cpp ..\..\..\src\command_classes\Protection.cpp ..\..\..\src\command_classes\SensorBinary.cpp ..\..\..\src\command_classes\SensorMultilevel.cpp ..\..\..\src\command_classes\SwitchAll.cpp ..\..\..\src\command_classes\SwitchBinary.cpp ..\..\..\src\command_classes\SwitchMultilevel.cpp ..\..\..\src\command_classes\SwitchToggleBinary.cpp ..\..\..\src\command_classes\SwitchToggleMultilevel.cpp ..\..\..\src\command_classes\ThermostatFanMode.cpp ..\..\..\src\command_classes\ThermostatFanState.cpp ..\..\..\src\command_classes\ThermostatMode.cpp ..\..\..\src\command_classes\ThermostatOperatingState.cpp ..\..\..\src\command_classes\ThermostatSetpoint.cpp ..\..\..\src\command_classes\Version.cpp ..\..\..\src\command_classes\WakeUp.cpp ..\winversion.cpp
         winversion.cpp
         WakeUp.cpp
         Version.cpp
         ThermostatSetpoint.cpp
         ThermostatOperatingState.cpp
         ThermostatMode.cpp
         ThermostatFanState.cpp
         ThermostatFanMode.cpp
         SwitchToggleMultilevel.cpp
         SwitchToggleBinary.cpp
         SwitchMultilevel.cpp
         SwitchBinary.cpp
         SwitchAll.cpp
         SensorMultilevel.cpp
         SensorBinary.cpp
         Protection.cpp
         Proprietary.cpp
         Powerlevel.cpp
         NodeNaming.cpp
         MultiInstanceAssociation.cpp
         Generating Code...
         Compiling...
         MultiInstance.cpp
         MultiCmd.cpp
         MeterPulse.cpp
         Meter.cpp
         ManufacturerSpecific.cpp
         Lock.cpp
         Language.cpp
         Indicator.cpp
         Hail.cpp
         EnergyProduction.cpp
         CRC16Encap.cpp
         ControllerReplication.cpp
         Configuration.cpp
         CommandClasses.cpp
         CommandClass.cpp
         Clock.cpp
         ClimateControlSchedule.cpp
         Battery.cpp
         BasicWindowCovering.cpp
         Basic.cpp
         Generating Code...
         Compiling...
         AssociationCommandConfiguration.cpp
         Association.cpp
         ApplicationStatus.cpp
         Alarm.cpp
         ValueString.cpp
         ValueStore.cpp
         ValueShort.cpp
         ValueList.cpp
         ValueInt.cpp
         ValueDecimal.cpp
         ValueByte.cpp
         ValueBool.cpp
         Value.cpp
         tinyxmlparser.cpp
         tinyxmlerror.cpp
         tinyxml.cpp
         tinystr.cpp
         ValueSchedule.cpp
         ValueRaw.cpp
         ValueButton.cpp
         Generating Code...
         Compiling...
         Utils.cpp
         Scene.cpp
         WaitImpl.cpp
         TimeStampImpl.cpp
         ThreadImpl.cpp
         SerialControllerImpl.cpp
         MutexImpl.cpp
         LogImpl.cpp
         FileOpsImpl.cpp
         EventImpl.cpp
         Wait.cpp
         TimeStamp.cpp
         Thread.cpp
         SerialController.cpp
         Stream.cpp
         Mutex.cpp
         Log.cpp
         HidController.cpp
         FileOps.cpp
         Event.cpp
         Generating Code...
         Compiling...
         Controller.cpp
         ZWSecurity.cpp
         Options.cpp
         Notification.cpp
         Node.cpp
     1>..\..\..\src\Node.cpp(163): warning C4351: new behavior: elements of array 'OpenZWave::Node::m_lastReceivedMessage' will be default initialized
         Msg.cpp
         Manager.cpp
         Group.cpp
         Driver.cpp
     1>..\..\..\src\Driver.cpp(3838): warning C4800: 'uint8' : forcing value to bool 'true' or 'false' (performance warning)
         UserCode.cpp
         SensorAlarm.cpp
         TimeParameters.cpp
     1>..\..\..\src\command_classes\TimeParameters.cpp(181): warning C4996: 'localtime': This function or variable may be unsafe. Consider using localtime_s instead. To disable deprecation, use _CRT_SECURE_NO_WARNINGS. See online help for details.
                 C:\Program Files (x86)\Microsoft Visual Studio 12.0\VC\include\time.inl(112) : see declaration of 'localtime'
         CentralScene.cpp
         Security.cpp
         SceneActivation.cpp
         NoOperation.cpp
         DoorLockLogging.cpp
         DoorLock.cpp
         hid.cpp
         Generating Code...
         C:\Program Files (x86)\Microsoft Visual Studio 12.0\VC\bin\CL.exe /c /I..\..\..\src /I..\..\..\tinyxml /I..\..\..\hidapi\hidapi /Zi /nologo /W3 /WX- /Od /Oy- /D WIN32 /D _DEBUG /D _LIB /D _MBCS /Gm /EHsc /RTC1 /MDd /GS /fp:precise /Zc:wchar_t /Zc:forScope /Fo"Debug\\" /Fd"Debug\vc120.pdb" /Gd /TC /analyze- /errorReport:prompt ..\..\..\src\aes\aescrypt.c ..\..\..\src\aes\aeskey.c ..\..\..\src\aes\aestab.c ..\..\..\src\aes\aes_modes.c
         aes_modes.c
         aestab.c
         aeskey.c
         aescrypt.c
         Generating Code...
       Lib:
         C:\Program Files (x86)\Microsoft Visual Studio 12.0\VC\bin\Lib.exe /OUT:"D:\Users\J.Klessens\Documents\Lyvins\Git\open-zwave\dotnet\examples\OZWForm\src\Debug\\OpenZWave.lib" setupapi.lib /NOLOGO /MACHINE:X86 Debug\hid.obj
         Debug\aescrypt.obj
         Debug\aeskey.obj
         Debug\aestab.obj
         Debug\aes_modes.obj
         Debug\DoorLock.obj
         Debug\DoorLockLogging.obj
         Debug\NoOperation.obj
         Debug\SceneActivation.obj
         Debug\Security.obj
         Debug\CentralScene.obj
         Debug\TimeParameters.obj
         Debug\SensorAlarm.obj
         Debug\UserCode.obj
         Debug\Driver.obj
         Debug\Group.obj
         Debug\Manager.obj
         Debug\Msg.obj
         Debug\Node.obj
         Debug\Notification.obj
         Debug\Options.obj
         Debug\ZWSecurity.obj
         Debug\Controller.obj
         Debug\Event.obj
         Debug\FileOps.obj
         Debug\HidController.obj
         Debug\Log.obj
         Debug\Mutex.obj
         Debug\Stream.obj
         Debug\SerialController.obj
         Debug\Thread.obj
         Debug\TimeStamp.obj
         Debug\Wait.obj
         Debug\EventImpl.obj
         Debug\FileOpsImpl.obj
         Debug\LogImpl.obj
         Debug\MutexImpl.obj
         Debug\SerialControllerImpl.obj
         Debug\ThreadImpl.obj
         Debug\TimeStampImpl.obj
         Debug\WaitImpl.obj
         Debug\Scene.obj
         Debug\Utils.obj
         Debug\ValueButton.obj
         Debug\ValueRaw.obj
         Debug\ValueSchedule.obj
         Debug\tinystr.obj
         Debug\tinyxml.obj
         Debug\tinyxmlerror.obj
         Debug\tinyxmlparser.obj
         Debug\Value.obj
         Debug\ValueBool.obj
         Debug\ValueByte.obj
         Debug\ValueDecimal.obj
         Debug\ValueInt.obj
         Debug\ValueList.obj
         Debug\ValueShort.obj
         Debug\ValueStore.obj
         Debug\ValueString.obj
         Debug\Alarm.obj
         Debug\ApplicationStatus.obj
         Debug\Association.obj
         Debug\AssociationCommandConfiguration.obj
         Debug\Basic.obj
         Debug\BasicWindowCovering.obj
         Debug\Battery.obj
         Debug\ClimateControlSchedule.obj
         Debug\Clock.obj
         Debug\CommandClass.obj
         Debug\CommandClasses.obj
         Debug\Configuration.obj
         Debug\ControllerReplication.obj
         Debug\CRC16Encap.obj
         Debug\EnergyProduction.obj
         Debug\Hail.obj
         Debug\Indicator.obj
         Debug\Language.obj
         Debug\Lock.obj
         Debug\ManufacturerSpecific.obj
         Debug\Meter.obj
         Debug\MeterPulse.obj
         Debug\MultiCmd.obj
         Debug\MultiInstance.obj
         Debug\MultiInstanceAssociation.obj
         Debug\NodeNaming.obj
         Debug\Powerlevel.obj
         Debug\Proprietary.obj
         Debug\Protection.obj
         Debug\SensorBinary.obj
         Debug\SensorMultilevel.obj
         Debug\SwitchAll.obj
         Debug\SwitchBinary.obj
         Debug\SwitchMultilevel.obj
         Debug\SwitchToggleBinary.obj
         Debug\SwitchToggleMultilevel.obj
         Debug\ThermostatFanMode.obj
         Debug\ThermostatFanState.obj
         Debug\ThermostatMode.obj
         Debug\ThermostatOperatingState.obj
         Debug\ThermostatSetpoint.obj
         Debug\Version.obj
         Debug\WakeUp.obj
         Debug\winversion.obj
         OpenZWave.vcxproj -> D:\Users\J.Klessens\Documents\Lyvins\Git\open-zwave\dotnet\examples\OZWForm\src\Debug\OpenZWave.lib
     1>Done Building Project "D:\Users\J.Klessens\Documents\Lyvins\Git\open-zwave\cpp\build\windows\vs2010\OpenZWave.vcxproj" (Rebuild target(s)).

Build succeeded.

Time Elapsed 00:00:54.75
