i:\work\github\open-zwave\dotnet\build\vs2010\debug\vc120.pdb
i:\work\github\open-zwave\dotnet\build\vs2010\debug\zwoptions.obj
i:\work\github\open-zwave\dotnet\build\vs2010\debug\zwmanager.obj
i:\work\github\open-zwave\dotnet\build\vs2010\debug\assemblyinfo.obj
i:\work\github\open-zwave\dotnet\build\vs2010\debug\.netframework,version=v4.0.assemblyattributes.obj
i:\work\github\open-zwave\dotnet\examples\ozwform\src\debug\openzwavedotnetd.dll
i:\work\github\open-zwave\dotnet\examples\ozwform\src\debug\openzwavedotnetd.pdb
i:\work\github\open-zwave\dotnet\examples\ozwform\src\debug\openzwavedotnetd.lib
i:\work\github\open-zwave\dotnet\examples\ozwform\src\debug\openzwavedotnetd.exp
i:\work\github\open-zwave\dotnet\build\vs2010\debug\app.res
i:\work\github\open-zwave\dotnet\build\vs2010\debug\openzwavedotnet.tlog\cl.command.1.tlog
i:\work\github\open-zwave\dotnet\build\vs2010\debug\openzwavedotnet.tlog\cl.read.1.tlog
i:\work\github\open-zwave\dotnet\build\vs2010\debug\openzwavedotnet.tlog\cl.write.1.tlog
i:\work\github\open-zwave\dotnet\build\vs2010\debug\openzwavedotnet.tlog\link.command.1.tlog
i:\work\github\open-zwave\dotnet\build\vs2010\debug\openzwavedotnet.tlog\link.read.1.tlog
i:\work\github\open-zwave\dotnet\build\vs2010\debug\openzwavedotnet.tlog\link.write.1.tlog
i:\work\github\open-zwave\dotnet\build\vs2010\debug\openzwavedotnet.tlog\metagen.read.1.tlog
i:\work\github\open-zwave\dotnet\build\vs2010\debug\openzwavedotnet.tlog\metagen.write.1.tlog
i:\work\github\open-zwave\dotnet\build\vs2010\debug\openzwavedotnet.tlog\openzwavedotnet.write.1u.tlog
i:\work\github\open-zwave\dotnet\build\vs2010\debug\openzwavedotnet.tlog\rc.command.1.tlog
i:\work\github\open-zwave\dotnet\build\vs2010\debug\openzwavedotnet.tlog\rc.read.1.tlog
i:\work\github\open-zwave\dotnet\build\vs2010\debug\openzwavedotnet.tlog\rc.write.1.tlog
i:\work\github\open-zwave\dotnet\build\vs2010\debug\openzwavedotnet.tlog\rsaenh.dll.bi
i:\work\github\open-zwave\dotnet\build\vs2010\debug\openzwavedotnet.tlog\tzres.dll.bi
