Build started 11-5-2015 11:24:09.
     1>Project "D:\Users\J.Klessens\Documents\Lyvins\Git\open-zwave\dotnet\build\vs2010\OpenZWaveDotNet.vcxproj" on node 2 (Rebuild target(s)).
     1>ClCompile:
         C:\Program Files (x86)\Microsoft Visual Studio 12.0\VC\bin\CL.exe /c /I..\..\..\cpp\src /I..\..\..\cpp\src\value_classes /I..\..\..\cpp\src /I..\..\..\cpp\src\value_classes /I..\..\..\cpp\src\command_classes /I..\..\..\cpp\src\platform /AI"C:\Program Files (x86)\Reference Assemblies\Microsoft\Framework\.NETFramework\v4.0" /AI"C:\Program Files (x86)\Windows Kits\8.1\References\CommonConfiguration\Neutral" /Zi /clr /nologo /W3 /WX- /Od /Oy- /D WIN32 /D _DEBUG /D _WINDLL /D _UNICODE /D UNICODE /EHa /MDd /GS /fp:precise /Zc:wchar_t /Zc:forScope /Fo"Debug\\" /Fd"Debug\vc120.pdb" /TP /FU"C:\Program Files (x86)\Reference Assemblies\Microsoft\Framework\.NETFramework\v4.0\mscorlib.dll" /FU"C:\Program Files (x86)\Reference Assemblies\Microsoft\Framework\.NETFramework\v4.0\System.Data.dll" /FU"C:\Program Files (x86)\Reference Assemblies\Microsoft\Framework\.NETFramework\v4.0\System.dll" /FU"C:\Program Files (x86)\Reference Assemblies\Microsoft\Framework\.NETFramework\v4.0\System.Xml.dll" /analyze- /errorReport:prompt /clr:nostdlib ..\..\src\AssemblyInfo.cpp ..\..\src\ZWManager.cpp ..\..\src\ZWOptions.cpp
         AssemblyInfo.cpp
     1>..\..\src\AssemblyInfo.cpp(39): warning C4947: 'RequestMinimum' : marked as obsolete
                 Message: 'Assembly level declarative security is obsolete and is no longer enforced by the CLR by default. See http://go.microsoft.com/fwlink/?LinkID=155570 for more information.'
         ZWManager.cpp
         ZWOptions.cpp
         Generating Code...
         C:\Program Files (x86)\Microsoft Visual Studio 12.0\VC\bin\CL.exe /c /I..\..\..\cpp\src /I..\..\..\cpp\src\value_classes /I..\..\..\cpp\src /I..\..\..\cpp\src\value_classes /I..\..\..\cpp\src\command_classes /I..\..\..\cpp\src\platform /Zi /clr /nologo /W3 /WX- /Od /Oy- /D WIN32 /D _DEBUG /D _WINDLL /D _UNICODE /D UNICODE /EHa /MDd /GS /fp:precise /Zc:wchar_t /Zc:forScope /Fo"Debug\\" /Fd"Debug\vc120.pdb" /TP /analyze- /errorReport:prompt "C:\Users\J.Klessens\AppData\Local\Temp\.NETFramework,Version=v4.0.AssemblyAttributes.cpp"
         .NETFramework,Version=v4.0.AssemblyAttributes.cpp
       ResourceCompile:
         C:\Program Files (x86)\Windows Kits\8.1\bin\x86\rc.exe /D _UNICODE /D UNICODE /l"0x0409" /nologo /fo"Debug\app.res" ..\..\src\app.rc 
       Link:
         C:\Program Files (x86)\Microsoft Visual Studio 12.0\VC\bin\link.exe /ERRORREPORT:PROMPT /OUT:"D:\Users\J.Klessens\Documents\Lyvins\Git\open-zwave\dotnet\examples\OZWForm\src\Debug\OpenZWaveDotNetd.dll" /INCREMENTAL /NOLOGO "D:\Users\J.Klessens\Documents\Lyvins\Git\open-zwave\dotnet\examples\OZWForm\src\Debug\\OpenZWave.lib" /MANIFEST /MANIFESTUAC:"level='asInvoker' uiAccess='false'" /manifest:embed /DEBUG /PDB:"D:\Users\J.Klessens\Documents\Lyvins\Git\open-zwave\dotnet\examples\OZWForm\src\Debug\OpenZWaveDotNetd.pdb" /ASSEMBLYDEBUG /TLBID:1 /DYNAMICBASE /FIXED:NO /NXCOMPAT /MACHINE:X86 /SAFESEH /DLL Debug\app.res
         Debug\AssemblyInfo.obj
         Debug\ZWManager.obj
         Debug\ZWOptions.obj
         "Debug\.NETFramework,Version=v4.0.AssemblyAttributes.obj"
            Creating library D:\Users\J.Klessens\Documents\Lyvins\Git\open-zwave\dotnet\examples\OZWForm\src\Debug\OpenZWaveDotNetd.lib and object D:\Users\J.Klessens\Documents\Lyvins\Git\open-zwave\dotnet\examples\OZWForm\src\Debug\OpenZWaveDotNetd.exp
         OpenZWaveDotNet.vcxproj -> D:\Users\J.Klessens\Documents\Lyvins\Git\open-zwave\dotnet\examples\OZWForm\src\Debug\OpenZWaveDotNetd.dll
     1>Done Building Project "D:\Users\J.Klessens\Documents\Lyvins\Git\open-zwave\dotnet\build\vs2010\OpenZWaveDotNet.vcxproj" (Rebuild target(s)).

Build succeeded.

Time Elapsed 00:00:03.71
